This file contains any messages produced by compilers while
running configure, to aid debugging if configure makes a mistake.

It was created by ncrit configure 1.0, which was
generated by GNU Autoconf 2.65.  Invocation command line was

  $ ./configure --prefix=/home/dakai/PAT/dbg

## --------- ##
## Platform. ##
## --------- ##

hostname = tecra-a7
uname -m = i686
uname -r = 2.6.32-41-generic
uname -s = Linux
uname -v = #94-Ubuntu SMP Fri Jul 6 16:51:39 UTC 2012

/usr/bin/uname -p = unknown
/bin/uname -X     = unknown

/bin/arch              = unknown
/usr/bin/arch -k       = unknown
/usr/convex/getsysinfo = unknown
/usr/bin/hostinfo      = unknown
/bin/machine           = unknown
/usr/bin/oslevel       = unknown
/bin/universe          = unknown

PATH: /home/dakai/bin
PATH: /home/dakai/bin
PATH: /usr/local/sbin
PATH: /usr/local/bin
PATH: /usr/sbin
PATH: /usr/bin
PATH: /sbin
PATH: /bin
PATH: /usr/games
PATH: /usr/brlcad/bin
PATH: /usr/lib/jvm/java-7-oracle/bin
PATH: /usr/lib/jvm/java-7-oracle/db/bin
PATH: /usr/lib/jvm/java-7-oracle/jre/bin
PATH: /home/dakai/adt-bundle-linux-x86-20131030/sdk/platform-tools


## ----------- ##
## Core tests. ##
## ----------- ##

configure:1656: loading site script /home/dakai/PAT/dbg/share/config.site
| CFLAGS="-g -O0 -DDEBUG"
configure:1787: checking for a BSD-compatible install
configure:1855: result: /usr/bin/install -c
configure:1866: checking whether build environment is sane
configure:1916: result: yes
configure:2057: checking for a thread-safe mkdir -p
configure:2096: result: /bin/mkdir -p
configure:2109: checking for gawk
configure:2125: found /usr/bin/gawk
configure:2136: result: gawk
configure:2147: checking whether make sets $(MAKE)
configure:2169: result: yes
configure:2298: checking for gcc
configure:2314: found /usr/bin/gcc
configure:2325: result: gcc
configure:2554: checking for C compiler version
configure:2563: gcc --version >&5
gcc (Ubuntu 4.4.3-4ubuntu5.1) 4.4.3
Copyright (C) 2009 Free Software Foundation, Inc.
This is free software; see the source for copying conditions.  There is NO
warranty; not even for MERCHANTABILITY or FITNESS FOR A PARTICULAR PURPOSE.

configure:2574: $? = 0
configure:2563: gcc -v >&5
Using built-in specs.
Target: i486-linux-gnu
Configured with: ../src/configure -v --with-pkgversion='Ubuntu 4.4.3-4ubuntu5.1' --with-bugurl=file:///usr/share/doc/gcc-4.4/README.Bugs --enable-languages=c,c++,fortran,objc,obj-c++ --prefix=/usr --enable-shared --enable-multiarch --enable-linker-build-id --with-system-zlib --libexecdir=/usr/lib --without-included-gettext --enable-threads=posix --with-gxx-include-dir=/usr/include/c++/4.4 --program-suffix=-4.4 --enable-nls --enable-clocale=gnu --enable-libstdcxx-debug --enable-plugin --enable-objc-gc --enable-targets=all --disable-werror --with-arch-32=i486 --with-tune=generic --enable-checking=release --build=i486-linux-gnu --host=i486-linux-gnu --target=i486-linux-gnu
Thread model: posix
gcc version 4.4.3 (Ubuntu 4.4.3-4ubuntu5.1) 
configure:2574: $? = 0
configure:2563: gcc -V >&5
gcc: '-V' option must have argument
configure:2574: $? = 1
configure:2563: gcc -qversion >&5
gcc: unrecognized option '-qversion'
gcc: no input files
configure:2574: $? = 1
configure:2594: checking whether the C compiler works
configure:2616: gcc -g -O0 -DDEBUG   conftest.c  >&5
configure:2620: $? = 0
configure:2669: result: yes
configure:2672: checking for C compiler default output file name
configure:2674: result: a.out
configure:2680: checking for suffix of executables
configure:2687: gcc -o conftest -g -O0 -DDEBUG   conftest.c  >&5
configure:2691: $? = 0
configure:2713: result: 
configure:2735: checking whether we are cross compiling
configure:2743: gcc -o conftest -g -O0 -DDEBUG   conftest.c  >&5
configure:2747: $? = 0
configure:2754: ./conftest
configure:2758: $? = 0
configure:2773: result: no
configure:2778: checking for suffix of object files
configure:2800: gcc -c -g -O0 -DDEBUG  conftest.c >&5
configure:2804: $? = 0
configure:2825: result: o
configure:2829: checking whether we are using the GNU C compiler
configure:2848: gcc -c -g -O0 -DDEBUG  conftest.c >&5
configure:2848: $? = 0
configure:2857: result: yes
configure:2866: checking whether gcc accepts -g
configure:2886: gcc -c -g  conftest.c >&5
configure:2886: $? = 0
configure:2927: result: yes
configure:2944: checking for gcc option to accept ISO C89
configure:3008: gcc  -c -g -O0 -DDEBUG  conftest.c >&5
configure:3008: $? = 0
configure:3021: result: none needed
configure:3052: checking for style of include used by make
configure:3080: result: GNU
configure:3105: checking dependency style of gcc
configure:3215: result: gcc3
configure:3387: creating ./config.status

## ---------------------- ##
## Running config.status. ##
## ---------------------- ##

This file was extended by ncrit config.status 1.0, which was
generated by GNU Autoconf 2.65.  Invocation command line was

  CONFIG_FILES    = 
  CONFIG_HEADERS  = 
  CONFIG_LINKS    = 
  CONFIG_COMMANDS = 
  $ ./config.status 

on tecra-a7

config.status:770: creating Makefile
config.status:933: executing depfiles commands

## ---------------- ##
## Cache variables. ##
## ---------------- ##

ac_cv_c_compiler_gnu=yes
ac_cv_env_CC_set=
ac_cv_env_CC_value=
ac_cv_env_CFLAGS_set=
ac_cv_env_CFLAGS_value=
ac_cv_env_CPPFLAGS_set=
ac_cv_env_CPPFLAGS_value=
ac_cv_env_LDFLAGS_set=
ac_cv_env_LDFLAGS_value=
ac_cv_env_LIBS_set=
ac_cv_env_LIBS_value=
ac_cv_env_build_alias_set=
ac_cv_env_build_alias_value=
ac_cv_env_host_alias_set=
ac_cv_env_host_alias_value=
ac_cv_env_target_alias_set=
ac_cv_env_target_alias_value=
ac_cv_objext=o
ac_cv_path_install='/usr/bin/install -c'
ac_cv_path_mkdir=/bin/mkdir
ac_cv_prog_AWK=gawk
ac_cv_prog_ac_ct_CC=gcc
ac_cv_prog_cc_c89=
ac_cv_prog_cc_g=yes
ac_cv_prog_make_make_set=yes
am_cv_CC_dependencies_compiler_type=gcc3

## ----------------- ##
## Output variables. ##
## ----------------- ##

ACLOCAL='${SHELL} /home/dakai/PAT/missing --run aclocal-1.11'
AMDEPBACKSLASH='\'
AMDEP_FALSE='#'
AMDEP_TRUE=''
AMTAR='${SHELL} /home/dakai/PAT/missing --run tar'
AUTOCONF='${SHELL} /home/dakai/PAT/missing --run autoconf'
AUTOHEADER='${SHELL} /home/dakai/PAT/missing --run autoheader'
AUTOMAKE='${SHELL} /home/dakai/PAT/missing --run automake-1.11'
AWK='gawk'
CC='gcc'
CCDEPMODE='depmode=gcc3'
CFLAGS='-g -O0 -DDEBUG'
CPPFLAGS=''
CYGPATH_W='echo'
DEFS='-DPACKAGE_NAME=\"ncrit\" -DPACKAGE_TARNAME=\"ncrit\" -DPACKAGE_VERSION=\"1.0\" -DPACKAGE_STRING=\"ncrit\ 1.0\" -DPACKAGE_BUGREPORT=\"dakailiu.os@gmail.com\" -DPACKAGE_URL=\"\" -DPACKAGE=\"ncrit\" -DVERSION=\"1.0\"'
DEPDIR='.deps'
ECHO_C=''
ECHO_N='-n'
ECHO_T=''
EXEEXT=''
INSTALL_DATA='${INSTALL} -m 644'
INSTALL_PROGRAM='${INSTALL}'
INSTALL_SCRIPT='${INSTALL}'
INSTALL_STRIP_PROGRAM='$(install_sh) -c -s'
LDFLAGS=''
LIBOBJS=''
LIBS=''
LTLIBOBJS=''
MAKEINFO='${SHELL} /home/dakai/PAT/missing --run makeinfo'
MKDIR_P='/bin/mkdir -p'
OBJEXT='o'
PACKAGE='ncrit'
PACKAGE_BUGREPORT='dakailiu.os@gmail.com'
PACKAGE_NAME='ncrit'
PACKAGE_STRING='ncrit 1.0'
PACKAGE_TARNAME='ncrit'
PACKAGE_URL=''
PACKAGE_VERSION='1.0'
PATH_SEPARATOR=':'
SET_MAKE=''
SHELL='/bin/bash'
STRIP=''
VERSION='1.0'
ac_ct_CC='gcc'
am__EXEEXT_FALSE=''
am__EXEEXT_TRUE='#'
am__fastdepCC_FALSE='#'
am__fastdepCC_TRUE=''
am__include='include'
am__isrc=''
am__leading_dot='.'
am__quote=''
am__tar='${AMTAR} chof - "$$tardir"'
am__untar='${AMTAR} xf -'
bindir='${exec_prefix}/bin'
build_alias=''
datadir='${datarootdir}'
datarootdir='${prefix}/share'
docdir='${datarootdir}/doc/${PACKAGE_TARNAME}'
dvidir='${docdir}'
exec_prefix='${prefix}'
host_alias=''
htmldir='${docdir}'
includedir='${prefix}/include'
infodir='${datarootdir}/info'
install_sh='${SHELL} /home/dakai/PAT/install-sh'
libdir='${exec_prefix}/lib'
libexecdir='${exec_prefix}/libexec'
localedir='${datarootdir}/locale'
localstatedir='${prefix}/var'
mandir='${datarootdir}/man'
mkdir_p='/bin/mkdir -p'
oldincludedir='/usr/include'
pdfdir='${docdir}'
prefix='/home/dakai/PAT/dbg'
program_transform_name='s,x,x,'
psdir='${docdir}'
sbindir='${exec_prefix}/sbin'
sharedstatedir='${prefix}/com'
sysconfdir='${prefix}/etc'
target_alias=''

## ----------- ##
## confdefs.h. ##
## ----------- ##

/* confdefs.h */
#define PACKAGE_NAME "ncrit"
#define PACKAGE_TARNAME "ncrit"
#define PACKAGE_VERSION "1.0"
#define PACKAGE_STRING "ncrit 1.0"
#define PACKAGE_BUGREPORT "dakailiu.os@gmail.com"
#define PACKAGE_URL ""
#define PACKAGE "ncrit"
#define VERSION "1.0"

configure: exit 0

## ---------------------- ##
## Running config.status. ##
## ---------------------- ##

This file was extended by ncrit config.status 1.0, which was
generated by GNU Autoconf 2.65.  Invocation command line was

  CONFIG_FILES    = 
  CONFIG_HEADERS  = 
  CONFIG_LINKS    = 
  CONFIG_COMMANDS = 
  $ ./config.status Makefile depfiles

on tecra-a7

config.status:770: creating Makefile
config.status:933: executing depfiles commands
